<?xml version="1.0" encoding="UTF-8"?>
<project xmlns="http://maven.apache.org/POM/4.0.0"
    xmlns:xsi="http://www.w3.org/2001/XMLSchema-instance"
    xsi:schemaLocation="http://maven.apache.org/POM/4.0.0 http://maven.apache.org/xsd/maven-4.0.0.xsd">
    <modelVersion>4.0.0</modelVersion>

    <groupId>com.github.ccguyka</groupId>
    <artifactId>show-updates-test</artifactId>
    <version>0.0.1-SNAPSHOT</version>
    <packaging>jar</packaging>


    <properties>
        <project.build.sourceEncoding>UTF-8</project.build.sourceEncoding>

        <junit.version>4.11</junit.version>
    </properties>

    <dependencies>
        <dependency>
            <groupId>junit</groupId>
            <artifactId>junit</artifactId>
            <version>${junit.version}</version>
            <scope>test</scope>
        </dependency>
        <dependency>
            <groupId>groupId</groupId>
            <artifactId>artifactId</artifactId>
            <version>1.1.1</version>
            <scope>test</scope>
        </dependency>
    </dependencies>
    <build>
        <plugins>
            <plugin>
                <groupId>com.github.ccguyka</groupId>
                <artifactId>show-updates-maven-plugin</artifactId>
            </plugin>
            <plugin>
                <groupId>groupId</groupId>
                <artifactId>artifactId</artifactId>
                <version>1.1.1</version>
            </plugin>
        </plugins>
    </build>
</project>
